<?xml version="1.0" encoding="UTF-8"?>
<!-- Generated by org.testng.reporters.JUnitReportReporter -->
<testsuite skipped="1" hostname="LAPTOP-RVBER594" name="RunAllTest.Tester" tests="2" failures="0" timestamp="24 Jul 2019 03:45:33 GMT" time="0.007" errors="1">
  <testcase name="logInCorrectly" time="0.000" classname="RunAllTest.Tester">
    <skipped/>
  </testcase> <!-- logInCorrectly -->
  <testcase name="startingPoint" time="0.007" classname="RunAllTest.Tester">
    <error type="java.lang.StackOverflowError">
      <![CDATA[java.lang.StackOverflowError
at test.Process2.<init>(Process2.java:11)
at test.Result.<init>(Result.java:3)
at test.Process2.<init>(Process2.java:12)
at test.Result.<init>(Result.java:3)
at test.Process2.<init>(Process2.java:12)
at test.Result.<init>(Result.java:3)
at test.Process2.<init>(Process2.java:12)
at test.Result.<init>(Result.java:3)
at test.Process2.<init>(Process2.java:12)
at test.Result.<init>(Result.java:3)
at test.Process2.<init>(Process2.java:12)
at test.Result.<init>(Result.java:3)
at test.Process2.<init>(Process2.java:12)
at test.Result.<init>(Result.java:3)
at test.Process2.<init>(Process2.java:12)
at test.Result.<init>(Result.java:3)
at test.Process2.<init>(Process2.java:12)
at test.Result.<init>(Result.java:3)
at test.Process2.<init>(Process2.java:12)
at test.Result.<init>(Result.java:3)
at test.Process2.<init>(Process2.java:12)
at test.Result.<init>(Result.java:3)
at test.Process2.<init>(Process2.java:12)
at test.Result.<init>(Result.java:3)
at test.Process2.<init>(Process2.java:12)
at test.Result.<init>(Result.java:3)
at test.Process2.<init>(Process2.java:12)
at test.Result.<init>(Result.java:3)
at test.Process2.<init>(Process2.java:12)
at test.Result.<init>(Result.java:3)
at test.Process2.<init>(Process2.java:12)
at test.Result.<init>(Result.java:3)
at test.Process2.<init>(Process2.java:12)
at test.Result.<init>(Result.java:3)
at test.Process2.<init>(Process2.java:12)
at test.Result.<init>(Result.java:3)
at test.Process2.<init>(Process2.java:12)
at test.Result.<init>(Result.java:3)
at test.Process2.<init>(Process2.java:12)
at test.Result.<init>(Result.java:3)
at test.Process2.<init>(Process2.java:12)
at test.Result.<init>(Result.java:3)
at test.Process2.<init>(Process2.java:12)
at test.Result.<init>(Result.java:3)
at test.Process2.<init>(Process2.java:12)
at test.Result.<init>(Result.java:3)
at test.Process2.<init>(Process2.java:12)
at test.Result.<init>(Result.java:3)
at test.Process2.<init>(Process2.java:12)
at test.Result.<init>(Result.java:3)
at test.Process2.<init>(Process2.java:12)
at test.Result.<init>(Result.java:3)
at test.Process2.<init>(Process2.java:12)
at test.Result.<init>(Result.java:3)
at test.Process2.<init>(Process2.java:12)
at test.Result.<init>(Result.java:3)
at test.Process2.<init>(Process2.java:12)
at test.Result.<init>(Result.java:3)
at test.Process2.<init>(Process2.java:12)
at test.Result.<init>(Result.java:3)
at test.Process2.<init>(Process2.java:12)
at test.Result.<init>(Result.java:3)
at test.Process2.<init>(Process2.java:12)
at test.Result.<init>(Result.java:3)
at test.Process2.<init>(Process2.java:12)
at test.Result.<init>(Result.java:3)
at test.Process2.<init>(Process2.java:12)
at test.Result.<init>(Result.java:3)
at test.Process2.<init>(Process2.java:12)
at test.Result.<init>(Result.java:3)
at test.Process2.<init>(Process2.java:12)
at test.Result.<init>(Result.java:3)
at test.Process2.<init>(Process2.java:12)
at test.Result.<init>(Result.java:3)
at test.Process2.<init>(Process2.java:12)
at test.Result.<init>(Result.java:3)
at test.Process2.<init>(Process2.java:12)
at test.Result.<init>(Result.java:3)
at test.Process2.<init>(Process2.java:12)
at test.Result.<init>(Result.java:3)
at test.Process2.<init>(Process2.java:12)
at test.Result.<init>(Result.java:3)
at test.Process2.<init>(Process2.java:12)
at test.Result.<init>(Result.java:3)
at test.Process2.<init>(Process2.java:12)
at test.Result.<init>(Result.java:3)
at test.Process2.<init>(Process2.java:12)
at test.Result.<init>(Result.java:3)
at test.Process2.<init>(Process2.java:12)
at test.Result.<init>(Result.java:3)
at test.Process2.<init>(Process2.java:12)
at test.Result.<init>(Result.java:3)
at test.Process2.<init>(Process2.java:12)
at test.Result.<init>(Result.java:3)
at test.Process2.<init>(Process2.java:12)
at test.Result.<init>(Result.java:3)
at test.Process2.<init>(Process2.java:12)
at test.Result.<init>(Result.java:3)
at test.Process2.<init>(Process2.java:12)
at test.Result.<init>(Result.java:3)
at test.Process2.<init>(Process2.java:12)
at test.Result.<init>(Result.java:3)
at test.Process2.<init>(Process2.java:12)
at test.Result.<init>(Result.java:3)
at test.Process2.<init>(Process2.java:12)
at test.Result.<init>(Result.java:3)
at test.Process2.<init>(Process2.java:12)
at test.Result.<init>(Result.java:3)
at test.Process2.<init>(Process2.java:12)
at test.Result.<init>(Result.java:3)
at test.Process2.<init>(Process2.java:12)
at test.Result.<init>(Result.java:3)
at test.Process2.<init>(Process2.java:12)
at test.Result.<init>(Result.java:3)
at test.Process2.<init>(Process2.java:12)
at test.Result.<init>(Result.java:3)
at test.Process2.<init>(Process2.java:12)
at test.Result.<init>(Result.java:3)
at test.Process2.<init>(Process2.java:12)
at test.Result.<init>(Result.java:3)
at test.Process2.<init>(Process2.java:12)
at test.Result.<init>(Result.java:3)
at test.Process2.<init>(Process2.java:12)
at test.Result.<init>(Result.java:3)
at test.Process2.<init>(Process2.java:12)
at test.Result.<init>(Result.java:3)
at test.Process2.<init>(Process2.java:12)
at test.Result.<init>(Result.java:3)
at test.Process2.<init>(Process2.java:12)
at test.Result.<init>(Result.java:3)
at test.Process2.<init>(Process2.java:12)
at test.Result.<init>(Result.java:3)
at test.Process2.<init>(Process2.java:12)
at test.Result.<init>(Result.java:3)
at test.Process2.<init>(Process2.java:12)
at test.Result.<init>(Result.java:3)
at test.Process2.<init>(Process2.java:12)
at test.Result.<init>(Result.java:3)
at test.Process2.<init>(Process2.java:12)
at test.Result.<init>(Result.java:3)
at test.Process2.<init>(Process2.java:12)
at test.Result.<init>(Result.java:3)
at test.Process2.<init>(Process2.java:12)
at test.Result.<init>(Result.java:3)
at test.Process2.<init>(Process2.java:12)
at test.Result.<init>(Result.java:3)
at test.Process2.<init>(Process2.java:12)
at test.Result.<init>(Result.java:3)
at test.Process2.<init>(Process2.java:12)
at test.Result.<init>(Result.java:3)
at test.Process2.<init>(Process2.java:12)
at test.Result.<init>(Result.java:3)
at test.Process2.<init>(Process2.java:12)
at test.Result.<init>(Result.java:3)
at test.Process2.<init>(Process2.java:12)
at test.Result.<init>(Result.java:3)
at test.Process2.<init>(Process2.java:12)
at test.Result.<init>(Result.java:3)
at test.Process2.<init>(Process2.java:12)
at test.Result.<init>(Result.java:3)
at test.Process2.<init>(Process2.java:12)
at test.Result.<init>(Result.java:3)
at test.Process2.<init>(Process2.java:12)
at test.Result.<init>(Result.java:3)
at test.Process2.<init>(Process2.java:12)
at test.Result.<init>(Result.java:3)
at test.Process2.<init>(Process2.java:12)
at test.Result.<init>(Result.java:3)
at test.Process2.<init>(Process2.java:12)
at test.Result.<init>(Result.java:3)
at test.Process2.<init>(Process2.java:12)
at test.Result.<init>(Result.java:3)
at test.Process2.<init>(Process2.java:12)
at test.Result.<init>(Result.java:3)
at test.Process2.<init>(Process2.java:12)
at test.Result.<init>(Result.java:3)
at test.Process2.<init>(Process2.java:12)
at test.Result.<init>(Result.java:3)
at test.Process2.<init>(Process2.java:12)
at test.Result.<init>(Result.java:3)
at test.Process2.<init>(Process2.java:12)
at test.Result.<init>(Result.java:3)
at test.Process2.<init>(Process2.java:12)
at test.Result.<init>(Result.java:3)
at test.Process2.<init>(Process2.java:12)
at test.Result.<init>(Result.java:3)
at test.Process2.<init>(Process2.java:12)
at test.Result.<init>(Result.java:3)
at test.Process2.<init>(Process2.java:12)
at test.Result.<init>(Result.java:3)
at test.Process2.<init>(Process2.java:12)
at test.Result.<init>(Result.java:3)
at test.Process2.<init>(Process2.java:12)
at test.Result.<init>(Result.java:3)
at test.Process2.<init>(Process2.java:12)
at test.Result.<init>(Result.java:3)
at test.Process2.<init>(Process2.java:12)
at test.Result.<init>(Result.java:3)
at test.Process2.<init>(Process2.java:12)
at test.Result.<init>(Result.java:3)
at test.Process2.<init>(Process2.java:12)
at test.Result.<init>(Result.java:3)
at test.Process2.<init>(Process2.java:12)
at test.Result.<init>(Result.java:3)
at test.Process2.<init>(Process2.java:12)
at test.Result.<init>(Result.java:3)
at test.Process2.<init>(Process2.java:12)
at test.Result.<init>(Result.java:3)
at test.Process2.<init>(Process2.java:12)
at test.Result.<init>(Result.java:3)
at test.Process2.<init>(Process2.java:12)
at test.Result.<init>(Result.java:3)
at test.Process2.<init>(Process2.java:12)
at test.Result.<init>(Result.java:3)
at test.Process2.<init>(Process2.java:12)
at test.Result.<init>(Result.java:3)
at test.Process2.<init>(Process2.java:12)
at test.Result.<init>(Result.java:3)
at test.Process2.<init>(Process2.java:12)
at test.Result.<init>(Result.java:3)
at test.Process2.<init>(Process2.java:12)
at test.Result.<init>(Result.java:3)
at test.Process2.<init>(Process2.java:12)
at test.Result.<init>(Result.java:3)
at test.Process2.<init>(Process2.java:12)
at test.Result.<init>(Result.java:3)
at test.Process2.<init>(Process2.java:12)
at test.Result.<init>(Result.java:3)
at test.Process2.<init>(Process2.java:12)
at test.Result.<init>(Result.java:3)
at test.Process2.<init>(Process2.java:12)
at test.Result.<init>(Result.java:3)
at test.Process2.<init>(Process2.java:12)
at test.Result.<init>(Result.java:3)
at test.Process2.<init>(Process2.java:12)
at test.Result.<init>(Result.java:3)
at test.Process2.<init>(Process2.java:12)
at test.Result.<init>(Result.java:3)
at test.Process2.<init>(Process2.java:12)
at test.Result.<init>(Result.java:3)
at test.Process2.<init>(Process2.java:12)
at test.Result.<init>(Result.java:3)
at test.Process2.<init>(Process2.java:12)
at test.Result.<init>(Result.java:3)
at test.Process2.<init>(Process2.java:12)
at test.Result.<init>(Result.java:3)
at test.Process2.<init>(Process2.java:12)
at test.Result.<init>(Result.java:3)
at test.Process2.<init>(Process2.java:12)
at test.Result.<init>(Result.java:3)
at test.Process2.<init>(Process2.java:12)
at test.Result.<init>(Result.java:3)
at test.Process2.<init>(Process2.java:12)
at test.Result.<init>(Result.java:3)
at test.Process2.<init>(Process2.java:12)
at test.Result.<init>(Result.java:3)
at test.Process2.<init>(Process2.java:12)
at test.Result.<init>(Result.java:3)
at test.Process2.<init>(Process2.java:12)
at test.Result.<init>(Result.java:3)
at test.Process2.<init>(Process2.java:12)
at test.Result.<init>(Result.java:3)
at test.Process2.<init>(Process2.java:12)
at test.Result.<init>(Result.java:3)
at test.Process2.<init>(Process2.java:12)
at test.Result.<init>(Result.java:3)
at test.Process2.<init>(Process2.java:12)
at test.Result.<init>(Result.java:3)
at test.Process2.<init>(Process2.java:12)
at test.Result.<init>(Result.java:3)
at test.Process2.<init>(Process2.java:12)
at test.Result.<init>(Result.java:3)
at test.Process2.<init>(Process2.java:12)
at test.Result.<init>(Result.java:3)
at test.Process2.<init>(Process2.java:12)
at test.Result.<init>(Result.java:3)
at test.Process2.<init>(Process2.java:12)
at test.Result.<init>(Result.java:3)
at test.Process2.<init>(Process2.java:12)
at test.Result.<init>(Result.java:3)
at test.Process2.<init>(Process2.java:12)
at test.Result.<init>(Result.java:3)
at test.Process2.<init>(Process2.java:12)
at test.Result.<init>(Result.java:3)
at test.Process2.<init>(Process2.java:12)
at test.Result.<init>(Result.java:3)
at test.Process2.<init>(Process2.java:12)
at test.Result.<init>(Result.java:3)
at test.Process2.<init>(Process2.java:12)
at test.Result.<init>(Result.java:3)
at test.Process2.<init>(Process2.java:12)
at test.Result.<init>(Result.java:3)
at test.Process2.<init>(Process2.java:12)
at test.Result.<init>(Result.java:3)
at test.Process2.<init>(Process2.java:12)
at test.Result.<init>(Result.java:3)
at test.Process2.<init>(Process2.java:12)
at test.Result.<init>(Result.java:3)
at test.Process2.<init>(Process2.java:12)
at test.Result.<init>(Result.java:3)
at test.Process2.<init>(Process2.java:12)
at test.Result.<init>(Result.java:3)
at test.Process2.<init>(Process2.java:12)
at test.Result.<init>(Result.java:3)
at test.Process2.<init>(Process2.java:12)
at test.Result.<init>(Result.java:3)
at test.Process2.<init>(Process2.java:12)
at test.Result.<init>(Result.java:3)
at test.Process2.<init>(Process2.java:12)
at test.Result.<init>(Result.java:3)
at test.Process2.<init>(Process2.java:12)
at test.Result.<init>(Result.java:3)
at test.Process2.<init>(Process2.java:12)
at test.Result.<init>(Result.java:3)
at test.Process2.<init>(Process2.java:12)
at test.Result.<init>(Result.java:3)
at test.Process2.<init>(Process2.java:12)
at test.Result.<init>(Result.java:3)
at test.Process2.<init>(Process2.java:12)
at test.Result.<init>(Result.java:3)
at test.Process2.<init>(Process2.java:12)
at test.Result.<init>(Result.java:3)
at test.Process2.<init>(Process2.java:12)
at test.Result.<init>(Result.java:3)
at test.Process2.<init>(Process2.java:12)
at test.Result.<init>(Result.java:3)
at test.Process2.<init>(Process2.java:12)
at test.Result.<init>(Result.java:3)
at test.Process2.<init>(Process2.java:12)
at test.Result.<init>(Result.java:3)
at test.Process2.<init>(Process2.java:12)
at test.Result.<init>(Result.java:3)
at test.Process2.<init>(Process2.java:12)
at test.Result.<init>(Result.java:3)
at test.Process2.<init>(Process2.java:12)
at test.Result.<init>(Result.java:3)
at test.Process2.<init>(Process2.java:12)
at test.Result.<init>(Result.java:3)
at test.Process2.<init>(Process2.java:12)
at test.Result.<init>(Result.java:3)
at test.Process2.<init>(Process2.java:12)
at test.Result.<init>(Result.java:3)
at test.Process2.<init>(Process2.java:12)
at test.Result.<init>(Result.java:3)
at test.Process2.<init>(Process2.java:12)
at test.Result.<init>(Result.java:3)
at test.Process2.<init>(Process2.java:12)
at test.Result.<init>(Result.java:3)
at test.Process2.<init>(Process2.java:12)
at test.Result.<init>(Result.java:3)
at test.Process2.<init>(Process2.java:12)
at test.Result.<init>(Result.java:3)
at test.Process2.<init>(Process2.java:12)
at test.Result.<init>(Result.java:3)
at test.Process2.<init>(Process2.java:12)
at test.Result.<init>(Result.java:3)
at test.Process2.<init>(Process2.java:12)
at test.Result.<init>(Result.java:3)
at test.Process2.<init>(Process2.java:12)
at test.Result.<init>(Result.java:3)
at test.Process2.<init>(Process2.java:12)
at test.Result.<init>(Result.java:3)
at test.Process2.<init>(Process2.java:12)
at test.Result.<init>(Result.java:3)
at test.Process2.<init>(Process2.java:12)
at test.Result.<init>(Result.java:3)
at test.Process2.<init>(Process2.java:12)
at test.Result.<init>(Result.java:3)
at test.Process2.<init>(Process2.java:12)
at test.Result.<init>(Result.java:3)
at test.Process2.<init>(Process2.java:12)
at test.Result.<init>(Result.java:3)
at test.Process2.<init>(Process2.java:12)
at test.Result.<init>(Result.java:3)
at test.Process2.<init>(Process2.java:12)
at test.Result.<init>(Result.java:3)
at test.Process2.<init>(Process2.java:12)
at test.Result.<init>(Result.java:3)
at test.Process2.<init>(Process2.java:12)
at test.Result.<init>(Result.java:3)
at test.Process2.<init>(Process2.java:12)
at test.Result.<init>(Result.java:3)
at test.Process2.<init>(Process2.java:12)
at test.Result.<init>(Result.java:3)
at test.Process2.<init>(Process2.java:12)
at test.Result.<init>(Result.java:3)
at test.Process2.<init>(Process2.java:12)
at test.Result.<init>(Result.java:3)
at test.Process2.<init>(Process2.java:12)
at test.Result.<init>(Result.java:3)
at test.Process2.<init>(Process2.java:12)
at test.Result.<init>(Result.java:3)
at test.Process2.<init>(Process2.java:12)
at test.Result.<init>(Result.java:3)
at test.Process2.<init>(Process2.java:12)
at test.Result.<init>(Result.java:3)
at test.Process2.<init>(Process2.java:12)
at test.Result.<init>(Result.java:3)
at test.Process2.<init>(Process2.java:12)
at test.Result.<init>(Result.java:3)
at test.Process2.<init>(Process2.java:12)
at test.Result.<init>(Result.java:3)
at test.Process2.<init>(Process2.java:12)
at test.Result.<init>(Result.java:3)
at test.Process2.<init>(Process2.java:12)
at test.Result.<init>(Result.java:3)
at test.Process2.<init>(Process2.java:12)
at test.Result.<init>(Result.java:3)
at test.Process2.<init>(Process2.java:12)
at test.Result.<init>(Result.java:3)
at test.Process2.<init>(Process2.java:12)
at test.Result.<init>(Result.java:3)
at test.Process2.<init>(Process2.java:12)
at test.Result.<init>(Result.java:3)
at test.Process2.<init>(Process2.java:12)
at test.Result.<init>(Result.java:3)
at test.Process2.<init>(Process2.java:12)
at test.Result.<init>(Result.java:3)
at test.Process2.<init>(Process2.java:12)
at test.Result.<init>(Result.java:3)
at test.Process2.<init>(Process2.java:12)
at test.Result.<init>(Result.java:3)
at test.Process2.<init>(Process2.java:12)
at test.Result.<init>(Result.java:3)
at test.Process2.<init>(Process2.java:12)
at test.Result.<init>(Result.java:3)
at test.Process2.<init>(Process2.java:12)
at test.Result.<init>(Result.java:3)
at test.Process2.<init>(Process2.java:12)
at test.Result.<init>(Result.java:3)
at test.Process2.<init>(Process2.java:12)
at test.Result.<init>(Result.java:3)
at test.Process2.<init>(Process2.java:12)
at test.Result.<init>(Result.java:3)
at test.Process2.<init>(Process2.java:12)
at test.Result.<init>(Result.java:3)
at test.Process2.<init>(Process2.java:12)
at test.Result.<init>(Result.java:3)
at test.Process2.<init>(Process2.java:12)
at test.Result.<init>(Result.java:3)
at test.Process2.<init>(Process2.java:12)
at test.Result.<init>(Result.java:3)
at test.Process2.<init>(Process2.java:12)
at test.Result.<init>(Result.java:3)
at test.Process2.<init>(Process2.java:12)
at test.Result.<init>(Result.java:3)
at test.Process2.<init>(Process2.java:12)
at test.Result.<init>(Result.java:3)
at test.Process2.<init>(Process2.java:12)
at test.Result.<init>(Result.java:3)
at test.Process2.<init>(Process2.java:12)
at test.Result.<init>(Result.java:3)
at test.Process2.<init>(Process2.java:12)
at test.Result.<init>(Result.java:3)
at test.Process2.<init>(Process2.java:12)
at test.Result.<init>(Result.java:3)
at test.Process2.<init>(Process2.java:12)
at test.Result.<init>(Result.java:3)
at test.Process2.<init>(Process2.java:12)
at test.Result.<init>(Result.java:3)
at test.Process2.<init>(Process2.java:12)
at test.Result.<init>(Result.java:3)
at test.Process2.<init>(Process2.java:12)
at test.Result.<init>(Result.java:3)
at test.Process2.<init>(Process2.java:12)
at test.Result.<init>(Result.java:3)
at test.Process2.<init>(Process2.java:12)
at test.Result.<init>(Result.java:3)
at test.Process2.<init>(Process2.java:12)
at test.Result.<init>(Result.java:3)
at test.Process2.<init>(Process2.java:12)
at test.Result.<init>(Result.java:3)
at test.Process2.<init>(Process2.java:12)
at test.Result.<init>(Result.java:3)
at test.Process2.<init>(Process2.java:12)
at test.Result.<init>(Result.java:3)
at test.Process2.<init>(Process2.java:12)
at test.Result.<init>(Result.java:3)
at test.Process2.<init>(Process2.java:12)
at test.Result.<init>(Result.java:3)
at test.Process2.<init>(Process2.java:12)
at test.Result.<init>(Result.java:3)
at test.Process2.<init>(Process2.java:12)
at test.Result.<init>(Result.java:3)
at test.Process2.<init>(Process2.java:12)
at test.Result.<init>(Result.java:3)
at test.Process2.<init>(Process2.java:12)
at test.Result.<init>(Result.java:3)
at test.Process2.<init>(Process2.java:12)
at test.Result.<init>(Result.java:3)
at test.Process2.<init>(Process2.java:12)
at test.Result.<init>(Result.java:3)
at test.Process2.<init>(Process2.java:12)
at test.Result.<init>(Result.java:3)
at test.Process2.<init>(Process2.java:12)
at test.Result.<init>(Result.java:3)
at test.Process2.<init>(Process2.java:12)
at test.Result.<init>(Result.java:3)
at test.Process2.<init>(Process2.java:12)
at test.Result.<init>(Result.java:3)
at test.Process2.<init>(Process2.java:12)
at test.Result.<init>(Result.java:3)
at test.Process2.<init>(Process2.java:12)
at test.Result.<init>(Result.java:3)
at test.Process2.<init>(Process2.java:12)
at test.Result.<init>(Result.java:3)
at test.Process2.<init>(Process2.java:12)
at test.Result.<init>(Result.java:3)
at test.Process2.<init>(Process2.java:12)
at test.Result.<init>(Result.java:3)
at test.Process2.<init>(Process2.java:12)
at test.Result.<init>(Result.java:3)
at test.Process2.<init>(Process2.java:12)
at test.Result.<init>(Result.java:3)
at test.Process2.<init>(Process2.java:12)
at test.Result.<init>(Result.java:3)
at test.Process2.<init>(Process2.java:12)
at test.Result.<init>(Result.java:3)
at test.Process2.<init>(Process2.java:12)
at test.Result.<init>(Result.java:3)
at test.Process2.<init>(Process2.java:12)
at test.Result.<init>(Result.java:3)
at test.Process2.<init>(Process2.java:12)
at test.Result.<init>(Result.java:3)
at test.Process2.<init>(Process2.java:12)
at test.Result.<init>(Result.java:3)
at test.Process2.<init>(Process2.java:12)
at test.Result.<init>(Result.java:3)
at test.Process2.<init>(Process2.java:12)
at test.Result.<init>(Result.java:3)
at test.Process2.<init>(Process2.java:12)
at test.Result.<init>(Result.java:3)
at test.Process2.<init>(Process2.java:12)
at test.Result.<init>(Result.java:3)
at test.Process2.<init>(Process2.java:12)
at test.Result.<init>(Result.java:3)
at test.Process2.<init>(Process2.java:12)
at test.Result.<init>(Result.java:3)
at test.Process2.<init>(Process2.java:12)
at test.Result.<init>(Result.java:3)
at test.Process2.<init>(Process2.java:12)
at test.Result.<init>(Result.java:3)
at test.Process2.<init>(Process2.java:12)
at test.Result.<init>(Result.java:3)
at test.Process2.<init>(Process2.java:12)
at test.Result.<init>(Result.java:3)
at test.Process2.<init>(Process2.java:12)
at test.Result.<init>(Result.java:3)
at test.Process2.<init>(Process2.java:12)
at test.Result.<init>(Result.java:3)
at test.Process2.<init>(Process2.java:12)
at test.Result.<init>(Result.java:3)
at test.Process2.<init>(Process2.java:12)
at test.Result.<init>(Result.java:3)
at test.Process2.<init>(Process2.java:12)
at test.Result.<init>(Result.java:3)
at test.Process2.<init>(Process2.java:12)
at test.Result.<init>(Result.java:3)
at test.Process2.<init>(Process2.java:12)
at test.Result.<init>(Result.java:3)
at test.Process2.<init>(Process2.java:12)
at test.Result.<init>(Result.java:3)
at test.Process2.<init>(Process2.java:12)
at test.Result.<init>(Result.java:3)
at test.Process2.<init>(Process2.java:12)
at test.Result.<init>(Result.java:3)
at test.Process2.<init>(Process2.java:12)
at test.Result.<init>(Result.java:3)
at test.Process2.<init>(Process2.java:12)
at test.Result.<init>(Result.java:3)
at test.Process2.<init>(Process2.java:12)
at test.Result.<init>(Result.java:3)
at test.Process2.<init>(Process2.java:12)
at test.Result.<init>(Result.java:3)
at test.Process2.<init>(Process2.java:12)
at test.Result.<init>(Result.java:3)
at test.Process2.<init>(Process2.java:12)
at test.Result.<init>(Result.java:3)
at test.Process2.<init>(Process2.java:12)
at test.Result.<init>(Result.java:3)
at test.Process2.<init>(Process2.java:12)
at test.Result.<init>(Result.java:3)
at test.Process2.<init>(Process2.java:12)
at test.Result.<init>(Result.java:3)
at test.Process2.<init>(Process2.java:12)
at test.Result.<init>(Result.java:3)
at test.Process2.<init>(Process2.java:12)
at test.Result.<init>(Result.java:3)
at test.Process2.<init>(Process2.java:12)
at test.Result.<init>(Result.java:3)
at test.Process2.<init>(Process2.java:12)
at test.Result.<init>(Result.java:3)
at test.Process2.<init>(Process2.java:12)
at test.Result.<init>(Result.java:3)
at test.Process2.<init>(Process2.java:12)
at test.Result.<init>(Result.java:3)
at test.Process2.<init>(Process2.java:12)
at test.Result.<init>(Result.java:3)
at test.Process2.<init>(Process2.java:12)
at test.Result.<init>(Result.java:3)
at test.Process2.<init>(Process2.java:12)
at test.Result.<init>(Result.java:3)
at test.Process2.<init>(Process2.java:12)
at test.Result.<init>(Result.java:3)
at test.Process2.<init>(Process2.java:12)
at test.Result.<init>(Result.java:3)
at test.Process2.<init>(Process2.java:12)
at test.Result.<init>(Result.java:3)
at test.Process2.<init>(Process2.java:12)
at test.Result.<init>(Result.java:3)
at test.Process2.<init>(Process2.java:12)
at test.Result.<init>(Result.java:3)
at test.Process2.<init>(Process2.java:12)
at test.Result.<init>(Result.java:3)
at test.Process2.<init>(Process2.java:12)
at test.Result.<init>(Result.java:3)
at test.Process2.<init>(Process2.java:12)
at test.Result.<init>(Result.java:3)
at test.Process2.<init>(Process2.java:12)
at test.Result.<init>(Result.java:3)
at test.Process2.<init>(Process2.java:12)
at test.Result.<init>(Result.java:3)
at test.Process2.<init>(Process2.java:12)
at test.Result.<init>(Result.java:3)
at test.Process2.<init>(Process2.java:12)
at test.Result.<init>(Result.java:3)
at test.Process2.<init>(Process2.java:12)
at test.Result.<init>(Result.java:3)
at test.Process2.<init>(Process2.java:12)
at test.Result.<init>(Result.java:3)
at test.Process2.<init>(Process2.java:12)
at test.Result.<init>(Result.java:3)
at test.Process2.<init>(Process2.java:12)
at test.Result.<init>(Result.java:3)
at test.Process2.<init>(Process2.java:12)
at test.Result.<init>(Result.java:3)
at test.Process2.<init>(Process2.java:12)
at test.Result.<init>(Result.java:3)
at test.Process2.<init>(Process2.java:12)
at test.Result.<init>(Result.java:3)
at test.Process2.<init>(Process2.java:12)
at test.Result.<init>(Result.java:3)
at test.Process2.<init>(Process2.java:12)
at test.Result.<init>(Result.java:3)
at test.Process2.<init>(Process2.java:12)
at test.Result.<init>(Result.java:3)
at test.Process2.<init>(Process2.java:12)
at test.Result.<init>(Result.java:3)
at test.Process2.<init>(Process2.java:12)
at test.Result.<init>(Result.java:3)
at test.Process2.<init>(Process2.java:12)
at test.Result.<init>(Result.java:3)
at test.Process2.<init>(Process2.java:12)
at test.Result.<init>(Result.java:3)
at test.Process2.<init>(Process2.java:12)
at test.Result.<init>(Result.java:3)
at test.Process2.<init>(Process2.java:12)
at test.Result.<init>(Result.java:3)
at test.Process2.<init>(Process2.java:12)
at test.Result.<init>(Result.java:3)
at test.Process2.<init>(Process2.java:12)
at test.Result.<init>(Result.java:3)
at test.Process2.<init>(Process2.java:12)
at test.Result.<init>(Result.java:3)
at test.Process2.<init>(Process2.java:12)
at test.Result.<init>(Result.java:3)
at test.Process2.<init>(Process2.java:12)
at test.Result.<init>(Result.java:3)
at test.Process2.<init>(Process2.java:12)
at test.Result.<init>(Result.java:3)
at test.Process2.<init>(Process2.java:12)
at test.Result.<init>(Result.java:3)
at test.Process2.<init>(Process2.java:12)
at test.Result.<init>(Result.java:3)
at test.Process2.<init>(Process2.java:12)
at test.Result.<init>(Result.java:3)
at test.Process2.<init>(Process2.java:12)
at test.Result.<init>(Result.java:3)
at test.Process2.<init>(Process2.java:12)
at test.Result.<init>(Result.java:3)
at test.Process2.<init>(Process2.java:12)
at test.Result.<init>(Result.java:3)
at test.Process2.<init>(Process2.java:12)
at test.Result.<init>(Result.java:3)
at test.Process2.<init>(Process2.java:12)
at test.Result.<init>(Result.java:3)
at test.Process2.<init>(Process2.java:12)
at test.Result.<init>(Result.java:3)
at test.Process2.<init>(Process2.java:12)
at test.Result.<init>(Result.java:3)
at test.Process2.<init>(Process2.java:12)
at test.Result.<init>(Result.java:3)
at test.Process2.<init>(Process2.java:12)
at test.Result.<init>(Result.java:3)
at test.Process2.<init>(Process2.java:12)
at test.Result.<init>(Result.java:3)
at test.Process2.<init>(Process2.java:12)
at test.Result.<init>(Result.java:3)
at test.Process2.<init>(Process2.java:12)
at test.Result.<init>(Result.java:3)
at test.Process2.<init>(Process2.java:12)
at test.Result.<init>(Result.java:3)
at test.Process2.<init>(Process2.java:12)
at test.Result.<init>(Result.java:3)
at test.Process2.<init>(Process2.java:12)
at test.Result.<init>(Result.java:3)
at test.Process2.<init>(Process2.java:12)
at test.Result.<init>(Result.java:3)
at test.Process2.<init>(Process2.java:12)
at test.Result.<init>(Result.java:3)
at test.Process2.<init>(Process2.java:12)
at test.Result.<init>(Result.java:3)
at test.Process2.<init>(Process2.java:12)
at test.Result.<init>(Result.java:3)
at test.Process2.<init>(Process2.java:12)
at test.Result.<init>(Result.java:3)
at test.Process2.<init>(Process2.java:12)
at test.Result.<init>(Result.java:3)
at test.Process2.<init>(Process2.java:12)
at test.Result.<init>(Result.java:3)
at test.Process2.<init>(Process2.java:12)
at test.Result.<init>(Result.java:3)
at test.Process2.<init>(Process2.java:12)
at test.Result.<init>(Result.java:3)
at test.Process2.<init>(Process2.java:12)
at test.Result.<init>(Result.java:3)
at test.Process2.<init>(Process2.java:12)
at test.Result.<init>(Result.java:3)
at test.Process2.<init>(Process2.java:12)
at test.Result.<init>(Result.java:3)
at test.Process2.<init>(Process2.java:12)
at test.Result.<init>(Result.java:3)
at test.Process2.<init>(Process2.java:12)
at test.Result.<init>(Result.java:3)
at test.Process2.<init>(Process2.java:12)
at test.Result.<init>(Result.java:3)
at test.Process2.<init>(Process2.java:12)
at test.Result.<init>(Result.java:3)
at test.Process2.<init>(Process2.java:12)
at test.Result.<init>(Result.java:3)
at test.Process2.<init>(Process2.java:12)
at test.Result.<init>(Result.java:3)
at test.Process2.<init>(Process2.java:12)
at test.Result.<init>(Result.java:3)
at test.Process2.<init>(Process2.java:12)
at test.Result.<init>(Result.java:3)
at test.Process2.<init>(Process2.java:12)
at test.Result.<init>(Result.java:3)
at test.Process2.<init>(Process2.java:12)
at test.Result.<init>(Result.java:3)
at test.Process2.<init>(Process2.java:12)
at test.Result.<init>(Result.java:3)
at test.Process2.<init>(Process2.java:12)
at test.Result.<init>(Result.java:3)
at test.Process2.<init>(Process2.java:12)
at test.Result.<init>(Result.java:3)
at test.Process2.<init>(Process2.java:12)
at test.Result.<init>(Result.java:3)
at test.Process2.<init>(Process2.java:12)
at test.Result.<init>(Result.java:3)
at test.Process2.<init>(Process2.java:12)
at test.Result.<init>(Result.java:3)
at test.Process2.<init>(Process2.java:12)
at test.Result.<init>(Result.java:3)
at test.Process2.<init>(Process2.java:12)
at test.Result.<init>(Result.java:3)
at test.Process2.<init>(Process2.java:12)
at test.Result.<init>(Result.java:3)
at test.Process2.<init>(Process2.java:12)
at test.Result.<init>(Result.java:3)
at test.Process2.<init>(Process2.java:12)
at test.Result.<init>(Result.java:3)
at test.Process2.<init>(Process2.java:12)
at test.Result.<init>(Result.java:3)
at test.Process2.<init>(Process2.java:12)
at test.Result.<init>(Result.java:3)
at test.Process2.<init>(Process2.java:12)
at test.Result.<init>(Result.java:3)
at test.Process2.<init>(Process2.java:12)
at test.Result.<init>(Result.java:3)
at test.Process2.<init>(Process2.java:12)
at test.Result.<init>(Result.java:3)
at test.Process2.<init>(Process2.java:12)
at test.Result.<init>(Result.java:3)
at test.Process2.<init>(Process2.java:12)
at test.Result.<init>(Result.java:3)
at test.Process2.<init>(Process2.java:12)
at test.Result.<init>(Result.java:3)
at test.Process2.<init>(Process2.java:12)
at test.Result.<init>(Result.java:3)
at test.Process2.<init>(Process2.java:12)
at test.Result.<init>(Result.java:3)
at test.Process2.<init>(Process2.java:12)
at test.Result.<init>(Result.java:3)
at test.Process2.<init>(Process2.java:12)
at test.Result.<init>(Result.java:3)
at test.Process2.<init>(Process2.java:12)
at test.Result.<init>(Result.java:3)
at test.Process2.<init>(Process2.java:12)
at test.Result.<init>(Result.java:3)
at test.Process2.<init>(Process2.java:12)
at test.Result.<init>(Result.java:3)
at test.Process2.<init>(Process2.java:12)
at test.Result.<init>(Result.java:3)
at test.Process2.<init>(Process2.java:12)
at test.Result.<init>(Result.java:3)
at test.Process2.<init>(Process2.java:12)
at test.Result.<init>(Result.java:3)
at test.Process2.<init>(Process2.java:12)
at test.Result.<init>(Result.java:3)
at test.Process2.<init>(Process2.java:12)
at test.Result.<init>(Result.java:3)
at test.Process2.<init>(Process2.java:12)
at test.Result.<init>(Result.java:3)
at test.Process2.<init>(Process2.java:12)
at test.Result.<init>(Result.java:3)
at test.Process2.<init>(Process2.java:12)
at test.Result.<init>(Result.java:3)
at test.Process2.<init>(Process2.java:12)
at test.Result.<init>(Result.java:3)
at test.Process2.<init>(Process2.java:12)
at test.Result.<init>(Result.java:3)
at test.Process2.<init>(Process2.java:12)
at test.Result.<init>(Result.java:3)
at test.Process2.<init>(Process2.java:12)
at test.Result.<init>(Result.java:3)
at test.Process2.<init>(Process2.java:12)
at test.Result.<init>(Result.java:3)
at test.Process2.<init>(Process2.java:12)
at test.Result.<init>(Result.java:3)
at test.Process2.<init>(Process2.java:12)
at test.Result.<init>(Result.java:3)
at test.Process2.<init>(Process2.java:12)
at test.Result.<init>(Result.java:3)
at test.Process2.<init>(Process2.java:12)
at test.Result.<init>(Result.java:3)
at test.Process2.<init>(Process2.java:12)
at test.Result.<init>(Result.java:3)
at test.Process2.<init>(Process2.java:12)
at test.Result.<init>(Result.java:3)
at test.Process2.<init>(Process2.java:12)
at test.Result.<init>(Result.java:3)
at test.Process2.<init>(Process2.java:12)
at test.Result.<init>(Result.java:3)
at test.Process2.<init>(Process2.java:12)
at test.Result.<init>(Result.java:3)
at test.Process2.<init>(Process2.java:12)
at test.Result.<init>(Result.java:3)
at test.Process2.<init>(Process2.java:12)
at test.Result.<init>(Result.java:3)
at test.Process2.<init>(Process2.java:12)
at test.Result.<init>(Result.java:3)
at test.Process2.<init>(Process2.java:12)
at test.Result.<init>(Result.java:3)
at test.Process2.<init>(Process2.java:12)
at test.Result.<init>(Result.java:3)
at test.Process2.<init>(Process2.java:12)
at test.Result.<init>(Result.java:3)
at test.Process2.<init>(Process2.java:12)
at test.Result.<init>(Result.java:3)
at test.Process2.<init>(Process2.java:12)
at test.Result.<init>(Result.java:3)
at test.Process2.<init>(Process2.java:12)
at test.Result.<init>(Result.java:3)
at test.Process2.<init>(Process2.java:12)
at test.Result.<init>(Result.java:3)
at test.Process2.<init>(Process2.java:12)
at test.Result.<init>(Result.java:3)
at test.Process2.<init>(Process2.java:12)
at test.Result.<init>(Result.java:3)
at test.Process2.<init>(Process2.java:12)
at test.Result.<init>(Result.java:3)
at test.Process2.<init>(Process2.java:12)
at test.Result.<init>(Result.java:3)
at test.Process2.<init>(Process2.java:12)
at test.Result.<init>(Result.java:3)
at test.Process2.<init>(Process2.java:12)
at test.Result.<init>(Result.java:3)
at test.Process2.<init>(Process2.java:12)
at test.Result.<init>(Result.java:3)
at test.Process2.<init>(Process2.java:12)
at test.Result.<init>(Result.java:3)
at test.Process2.<init>(Process2.java:12)
at test.Result.<init>(Result.java:3)
at test.Process2.<init>(Process2.java:12)
at test.Result.<init>(Result.java:3)
at test.Process2.<init>(Process2.java:12)
at test.Result.<init>(Result.java:3)
at test.Process2.<init>(Process2.java:12)
at test.Result.<init>(Result.java:3)
at test.Process2.<init>(Process2.java:12)
at test.Result.<init>(Result.java:3)
at test.Process2.<init>(Process2.java:12)
at test.Result.<init>(Result.java:3)
at test.Process2.<init>(Process2.java:12)
at test.Result.<init>(Result.java:3)
at test.Process2.<init>(Process2.java:12)
at test.Result.<init>(Result.java:3)
at test.Process2.<init>(Process2.java:12)
at test.Result.<init>(Result.java:3)
at test.Process2.<init>(Process2.java:12)
at test.Result.<init>(Result.java:3)
at test.Process2.<init>(Process2.java:12)
at test.Result.<init>(Result.java:3)
at test.Process2.<init>(Process2.java:12)
at test.Result.<init>(Result.java:3)
at test.Process2.<init>(Process2.java:12)
at test.Result.<init>(Result.java:3)
at test.Process2.<init>(Process2.java:12)
at test.Result.<init>(Result.java:3)
at test.Process2.<init>(Process2.java:12)
at test.Result.<init>(Result.java:3)
at test.Process2.<init>(Process2.java:12)
at test.Result.<init>(Result.java:3)
at test.Process2.<init>(Process2.java:12)
at test.Result.<init>(Result.java:3)
at test.Process2.<init>(Process2.java:12)
at test.Result.<init>(Result.java:3)
at test.Process2.<init>(Process2.java:12)
at test.Result.<init>(Result.java:3)
at test.Process2.<init>(Process2.java:12)
at test.Result.<init>(Result.java:3)
at test.Process2.<init>(Process2.java:12)
at test.Result.<init>(Result.java:3)
at test.Process2.<init>(Process2.java:12)
at test.Result.<init>(Result.java:3)
at test.Process2.<init>(Process2.java:12)
at test.Result.<init>(Result.java:3)
at test.Process2.<init>(Process2.java:12)
at test.Result.<init>(Result.java:3)
at test.Process2.<init>(Process2.java:12)
at test.Result.<init>(Result.java:3)
at test.Process2.<init>(Process2.java:12)
at test.Result.<init>(Result.java:3)
at test.Process2.<init>(Process2.java:12)
at test.Result.<init>(Result.java:3)
at test.Process2.<init>(Process2.java:12)
at test.Result.<init>(Result.java:3)
at test.Process2.<init>(Process2.java:12)
at test.Result.<init>(Result.java:3)
at test.Process2.<init>(Process2.java:12)
at test.Result.<init>(Result.java:3)
at test.Process2.<init>(Process2.java:12)
at test.Result.<init>(Result.java:3)
at test.Process2.<init>(Process2.java:12)
at test.Result.<init>(Result.java:3)
at test.Process2.<init>(Process2.java:12)
at test.Result.<init>(Result.java:3)
at test.Process2.<init>(Process2.java:12)
at test.Result.<init>(Result.java:3)
at test.Process2.<init>(Process2.java:12)
at test.Result.<init>(Result.java:3)
at test.Process2.<init>(Process2.java:12)
at test.Result.<init>(Result.java:3)
at test.Process2.<init>(Process2.java:12)
at test.Result.<init>(Result.java:3)
at test.Process2.<init>(Process2.java:12)
at test.Result.<init>(Result.java:3)
at test.Process2.<init>(Process2.java:12)
at test.Result.<init>(Result.java:3)
at test.Process2.<init>(Process2.java:12)
at test.Result.<init>(Result.java:3)
at test.Process2.<init>(Process2.java:12)
at test.Result.<init>(Result.java:3)
at test.Process2.<init>(Process2.java:12)
at test.Result.<init>(Result.java:3)
at test.Process2.<init>(Process2.java:12)
at test.Result.<init>(Result.java:3)
at test.Process2.<init>(Process2.java:12)
at test.Result.<init>(Result.java:3)
at test.Process2.<init>(Process2.java:12)
at test.Result.<init>(Result.java:3)
at test.Process2.<init>(Process2.java:12)
at test.Result.<init>(Result.java:3)
at test.Process2.<init>(Process2.java:12)
at test.Result.<init>(Result.java:3)
at test.Process2.<init>(Process2.java:12)
at test.Result.<init>(Result.java:3)
at test.Process2.<init>(Process2.java:12)
at test.Result.<init>(Result.java:3)
at test.Process2.<init>(Process2.java:12)
at test.Result.<init>(Result.java:3)
at test.Process2.<init>(Process2.java:12)
at test.Result.<init>(Result.java:3)
at test.Process2.<init>(Process2.java:12)
at test.Result.<init>(Result.java:3)
at test.Process2.<init>(Process2.java:12)
at test.Result.<init>(Result.java:3)
at test.Process2.<init>(Process2.java:12)
at test.Result.<init>(Result.java:3)
at test.Process2.<init>(Process2.java:12)
at test.Result.<init>(Result.java:3)
at test.Process2.<init>(Process2.java:12)
at test.Result.<init>(Result.java:3)
at test.Process2.<init>(Process2.java:12)
at test.Result.<init>(Result.java:3)
at test.Process2.<init>(Process2.java:12)
at test.Result.<init>(Result.java:3)
at test.Process2.<init>(Process2.java:12)
at test.Result.<init>(Result.java:3)
at test.Process2.<init>(Process2.java:12)
at test.Result.<init>(Result.java:3)
at test.Process2.<init>(Process2.java:12)
at test.Result.<init>(Result.java:3)
at test.Process2.<init>(Process2.java:12)
at test.Result.<init>(Result.java:3)
at test.Process2.<init>(Process2.java:12)
at test.Result.<init>(Result.java:3)
at test.Process2.<init>(Process2.java:12)
at test.Result.<init>(Result.java:3)
at test.Process2.<init>(Process2.java:12)
at test.Result.<init>(Result.java:3)
at test.Process2.<init>(Process2.java:12)
at test.Result.<init>(Result.java:3)
at test.Process2.<init>(Process2.java:12)
at test.Result.<init>(Result.java:3)
at test.Process2.<init>(Process2.java:12)
at test.Result.<init>(Result.java:3)
at test.Process2.<init>(Process2.java:12)
at test.Result.<init>(Result.java:3)
at test.Process2.<init>(Process2.java:12)
at test.Result.<init>(Result.java:3)
at test.Process2.<init>(Process2.java:12)
at test.Result.<init>(Result.java:3)
]]>
    </error>
  </testcase> <!-- startingPoint -->
</testsuite> <!-- RunAllTest.Tester -->
